<?xml version="1.0" encoding="UTF-8"?>
<testsuite name="com.quant.helper.springboot.web.dto.HelloResponseDtoTest" tests="1" skipped="0" failures="0" errors="0" timestamp="2021-05-30T19:55:29" hostname="Donghoui-iMac-27.local" time="0.047">
  <properties/>
  <testcase name="롬복_기능_테스트" classname="com.quant.helper.springboot.web.dto.HelloResponseDtoTest" time="0.047"/>
  <system-out><![CDATA[]]></system-out>
  <system-err><![CDATA[]]></system-err>
</testsuite>
